<?xml version="1.0" encoding="UTF-8"?>
<!-- Generated by org.testng.reporters.JUnitReportReporter -->
<testsuite hostname="PrashuBunny" failures="0" tests="2" name="myTests.CrossBrowserTesting" time="17.955" errors="0" timestamp="2024-11-24T04:41:22 EST" skipped="0">
  <testcase classname="myTests.CrossBrowserTesting" name="testOnMultipleBrowsers" time="7.894"/>
  <testcase classname="myTests.CrossBrowserTesting" name="testOnMultipleBrowsers" time="10.061"/>
</testsuite> <!-- myTests.CrossBrowserTesting -->
