<?xml version="1.0" encoding="UTF-8"?>
<!-- Generated by org.testng.reporters.JUnitReportReporter -->
<testsuite hostname="PrashuBunny" failures="0" tests="3" name="myTests.CSSSelectorLocator" time="4.428" errors="0" timestamp="2024-11-09T04:54:05 EST" skipped="2">
  <testcase classname="myTests.CSSSelectorLocator" name="synchronization" time="4.428"/>
  <testcase classname="myTests.CSSSelectorLocator" name="allLinks">
    <skipped/>
  </testcase> <!-- allLinks -->
  <testcase classname="myTests.CSSSelectorLocator" name="checkboxTest">
    <skipped/>
  </testcase> <!-- checkboxTest -->
</testsuite> <!-- myTests.CSSSelectorLocator -->
